<?xml version="1.0" encoding="UTF-8"?>
<!-- Generated by org.testng.reporters.JUnitXMLReporter -->
<testsuite ignored="0" hostname="LAPTOP-853Q29TQ" failures="1" tests="1" name="Test" time="72.881" errors="0" timestamp="2022-06-10T17:30:45 IST">
  <testcase classname="test.testCase" name="loginTestWithVaildCredentials" time="38.747">
    <failure type="java.lang.AssertionError" message="expected [true] but found [false]">
      <![CDATA[java.lang.AssertionError: expected [true] but found [false]
at test.testCase.loginTestWithVaildCredentials(testCase.java:72)
at java.base/java.util.ArrayList.forEach(ArrayList.java:1511)
... Removed 31 stack frames]]>
    </failure>
  </testcase> <!-- loginTestWithVaildCredentials -->
</testsuite> <!-- Test -->
